{
  "RSpec": {
    "coverage": {
      "/Users/katherinafatiguso/Projects/week6day4/6-4-4/library.rb": [
        null,
        1,
        1,
        5,
        null,
        null,
        1,
        4,
        null,
        null,
        1,
        5,
        null,
        null,
        null,
        1,
        1,
        null,
        null,
        null,
        1,
        1,
        null,
        null,
        null,
        1,
        3,
        null,
        null
      ],
      "/Users/katherinafatiguso/Projects/week6day4/6-4-4/photo.rb": [
        1,
        1,
        null,
        1,
        10,
        10,
        10,
        null,
        null,
        1,
        1,
        null,
        null,
        1,
        1,
        null,
        null
      ]
    },
    "timestamp": 1431572281
  }
}
